g++ -Wall -Wextra -std=c++17 -ggdb -Wno-unused-parameter -Wno-deprecated-declarations -Iinclude -Ilib -I/usr/local/include/mongocxx/v_noabi -I/usr/local/include/bsoncxx/v_noabi -I/usr/include/poppler/cpp -I/usr/include/poppler -I/usr/include/glib-2.0 -I/usr/lib/x86_64-linux-gnu/glib-2.0/include  -Llib src/DatabaseHandler.cpp src/main.cpp src/Server.cpp src/Translator.cpp -o bin/main -lpthread -lcrypto -lssl  -lbsoncxx -lcurl -lboost_system -lmongocxx -lpoppler-cpp -lglib-2.0 -ltesseract -llept
src/DatabaseHandler.cpp:7:13: error: ‘std::string DatabaseHandler::get’ is not a static data member of ‘class DatabaseHandler’
    7 | std::string DatabaseHandler::get(string id, string field) {
      |             ^~~~~~~~~~~~~~~
src/DatabaseHandler.cpp:7:34: error: ‘string’ was not declared in this scope
    7 | std::string DatabaseHandler::get(string id, string field) {
      |                                  ^~~~~~
src/DatabaseHandler.cpp:7:34: note: suggested alternatives:
In file included from /usr/include/c++/11/iosfwd:39,
                 from /usr/include/c++/11/bits/shared_ptr.h:52,
                 from /usr/include/c++/11/memory:77,
                 from /usr/local/include/bsoncxx/v_noabi/bsoncxx/array/value.hpp:18,
                 from /usr/local/include/bsoncxx/v_noabi/bsoncxx/builder/basic/array.hpp:17,
                 from src/../include/DatabaseHandler.h:3,
                 from src/DatabaseHandler.cpp:1:
/usr/include/c++/11/bits/stringfwd.h:79:33: note:   ‘std::string’
   79 |   typedef basic_string<char>    string;
      |                                 ^~~~~~
In file included from /usr/local/include/mongocxx/v_noabi/mongocxx/database.hpp:21,
                 from /usr/local/include/mongocxx/v_noabi/mongocxx/client.hpp:20,
                 from src/../include/DatabaseHandler.h:8,
                 from src/DatabaseHandler.cpp:1:
/usr/local/include/bsoncxx/v_noabi/bsoncxx/string/view_or_value.hpp:26:11: note:   ‘bsoncxx::v_noabi::string’
   26 | namespace string {
      |           ^~~~~~
In file included from /usr/include/c++/11/bits/locale_classes.h:40,
                 from /usr/include/c++/11/bits/ios_base.h:41,
                 from /usr/include/c++/11/streambuf:41,
                 from /usr/include/c++/11/bits/streambuf_iterator.h:35,
                 from /usr/include/c++/11/iterator:66,
                 from /usr/local/include/bsoncxx/v_noabi/bsoncxx/array/view.hpp:19,
                 from /usr/local/include/bsoncxx/v_noabi/bsoncxx/array/value.hpp:20,
                 from /usr/local/include/bsoncxx/v_noabi/bsoncxx/builder/basic/array.hpp:17,
                 from src/../include/DatabaseHandler.h:3,
                 from src/DatabaseHandler.cpp:1:
/usr/include/c++/11/string:67:11: note:   ‘std::pmr::string’
   67 |     using string    = basic_string<char>;
      |           ^~~~~~
src/DatabaseHandler.cpp:7:45: error: ‘string’ was not declared in this scope
    7 | std::string DatabaseHandler::get(string id, string field) {
      |                                             ^~~~~~
src/DatabaseHandler.cpp:7:45: note: suggested alternatives:
In file included from /usr/include/c++/11/iosfwd:39,
                 from /usr/include/c++/11/bits/shared_ptr.h:52,
                 from /usr/include/c++/11/memory:77,
                 from /usr/local/include/bsoncxx/v_noabi/bsoncxx/array/value.hpp:18,
                 from /usr/local/include/bsoncxx/v_noabi/bsoncxx/builder/basic/array.hpp:17,
                 from src/../include/DatabaseHandler.h:3,
                 from src/DatabaseHandler.cpp:1:
/usr/include/c++/11/bits/stringfwd.h:79:33: note:   ‘std::string’
   79 |   typedef basic_string<char>    string;
      |                                 ^~~~~~
In file included from /usr/local/include/mongocxx/v_noabi/mongocxx/database.hpp:21,
                 from /usr/local/include/mongocxx/v_noabi/mongocxx/client.hpp:20,
                 from src/../include/DatabaseHandler.h:8,
                 from src/DatabaseHandler.cpp:1:
/usr/local/include/bsoncxx/v_noabi/bsoncxx/string/view_or_value.hpp:26:11: note:   ‘bsoncxx::v_noabi::string’
   26 | namespace string {
      |           ^~~~~~
In file included from /usr/include/c++/11/bits/locale_classes.h:40,
                 from /usr/include/c++/11/bits/ios_base.h:41,
                 from /usr/include/c++/11/streambuf:41,
                 from /usr/include/c++/11/bits/streambuf_iterator.h:35,
                 from /usr/include/c++/11/iterator:66,
                 from /usr/local/include/bsoncxx/v_noabi/bsoncxx/array/view.hpp:19,
                 from /usr/local/include/bsoncxx/v_noabi/bsoncxx/array/value.hpp:20,
                 from /usr/local/include/bsoncxx/v_noabi/bsoncxx/builder/basic/array.hpp:17,
                 from src/../include/DatabaseHandler.h:3,
                 from src/DatabaseHandler.cpp:1:
/usr/include/c++/11/string:67:11: note:   ‘std::pmr::string’
   67 |     using string    = basic_string<char>;
      |           ^~~~~~
src/DatabaseHandler.cpp:7:59: error: expected ‘,’ or ‘;’ before ‘{’ token
    7 | std::string DatabaseHandler::get(string id, string field) {
      |                                                           ^
src/DatabaseHandler.cpp:36:5: error: ‘int DatabaseHandler::put’ is not a static data member of ‘class DatabaseHandler’
   36 | int DatabaseHandler::put(string id, string json)
      |     ^~~~~~~~~~~~~~~
src/DatabaseHandler.cpp:36:26: error: ‘string’ was not declared in this scope
   36 | int DatabaseHandler::put(string id, string json)
      |                          ^~~~~~
src/DatabaseHandler.cpp:36:26: note: suggested alternatives:
In file included from /usr/include/c++/11/iosfwd:39,
                 from /usr/include/c++/11/bits/shared_ptr.h:52,
                 from /usr/include/c++/11/memory:77,
                 from /usr/local/include/bsoncxx/v_noabi/bsoncxx/array/value.hpp:18,
                 from /usr/local/include/bsoncxx/v_noabi/bsoncxx/builder/basic/array.hpp:17,
                 from src/../include/DatabaseHandler.h:3,
                 from src/DatabaseHandler.cpp:1:
/usr/include/c++/11/bits/stringfwd.h:79:33: note:   ‘std::string’
   79 |   typedef basic_string<char>    string;
      |                                 ^~~~~~
In file included from /usr/local/include/mongocxx/v_noabi/mongocxx/database.hpp:21,
                 from /usr/local/include/mongocxx/v_noabi/mongocxx/client.hpp:20,
                 from src/../include/DatabaseHandler.h:8,
                 from src/DatabaseHandler.cpp:1:
/usr/local/include/bsoncxx/v_noabi/bsoncxx/string/view_or_value.hpp:26:11: note:   ‘bsoncxx::v_noabi::string’
   26 | namespace string {
      |           ^~~~~~
In file included from /usr/include/c++/11/bits/locale_classes.h:40,
                 from /usr/include/c++/11/bits/ios_base.h:41,
                 from /usr/include/c++/11/streambuf:41,
                 from /usr/include/c++/11/bits/streambuf_iterator.h:35,
                 from /usr/include/c++/11/iterator:66,
                 from /usr/local/include/bsoncxx/v_noabi/bsoncxx/array/view.hpp:19,
                 from /usr/local/include/bsoncxx/v_noabi/bsoncxx/array/value.hpp:20,
                 from /usr/local/include/bsoncxx/v_noabi/bsoncxx/builder/basic/array.hpp:17,
                 from src/../include/DatabaseHandler.h:3,
                 from src/DatabaseHandler.cpp:1:
/usr/include/c++/11/string:67:11: note:   ‘std::pmr::string’
   67 |     using string    = basic_string<char>;
      |           ^~~~~~
src/DatabaseHandler.cpp:36:37: error: ‘string’ was not declared in this scope
   36 | int DatabaseHandler::put(string id, string json)
      |                                     ^~~~~~
src/DatabaseHandler.cpp:36:37: note: suggested alternatives:
In file included from /usr/include/c++/11/iosfwd:39,
                 from /usr/include/c++/11/bits/shared_ptr.h:52,
                 from /usr/include/c++/11/memory:77,
                 from /usr/local/include/bsoncxx/v_noabi/bsoncxx/array/value.hpp:18,
                 from /usr/local/include/bsoncxx/v_noabi/bsoncxx/builder/basic/array.hpp:17,
                 from src/../include/DatabaseHandler.h:3,
                 from src/DatabaseHandler.cpp:1:
/usr/include/c++/11/bits/stringfwd.h:79:33: note:   ‘std::string’
   79 |   typedef basic_string<char>    string;
      |                                 ^~~~~~
In file included from /usr/local/include/mongocxx/v_noabi/mongocxx/database.hpp:21,
                 from /usr/local/include/mongocxx/v_noabi/mongocxx/client.hpp:20,
                 from src/../include/DatabaseHandler.h:8,
                 from src/DatabaseHandler.cpp:1:
/usr/local/include/bsoncxx/v_noabi/bsoncxx/string/view_or_value.hpp:26:11: note:   ‘bsoncxx::v_noabi::string’
   26 | namespace string {
      |           ^~~~~~
In file included from /usr/include/c++/11/bits/locale_classes.h:40,
                 from /usr/include/c++/11/bits/ios_base.h:41,
                 from /usr/include/c++/11/streambuf:41,
                 from /usr/include/c++/11/bits/streambuf_iterator.h:35,
                 from /usr/include/c++/11/iterator:66,
                 from /usr/local/include/bsoncxx/v_noabi/bsoncxx/array/view.hpp:19,
                 from /usr/local/include/bsoncxx/v_noabi/bsoncxx/array/value.hpp:20,
                 from /usr/local/include/bsoncxx/v_noabi/bsoncxx/builder/basic/array.hpp:17,
                 from src/../include/DatabaseHandler.h:3,
                 from src/DatabaseHandler.cpp:1:
/usr/include/c++/11/string:67:11: note:   ‘std::pmr::string’
   67 |     using string    = basic_string<char>;
      |           ^~~~~~
src/DatabaseHandler.cpp:36:48: error: expression list treated as compound expression in initializer [-fpermissive]
   36 | int DatabaseHandler::put(string id, string json)
      |                                                ^
src/DatabaseHandler.cpp:56:1: error: ‘string’ does not name a type; did you mean ‘stdin’?
   56 | string DatabaseHandler::post(string json)
      | ^~~~~~
      | stdin
src/DatabaseHandler.cpp:72:5: error: ‘int DatabaseHandler::delete_id’ is not a static data member of ‘class DatabaseHandler’
   72 | int DatabaseHandler::delete_id(string id)
      |     ^~~~~~~~~~~~~~~
src/DatabaseHandler.cpp:72:32: error: ‘string’ was not declared in this scope
   72 | int DatabaseHandler::delete_id(string id)
      |                                ^~~~~~
src/DatabaseHandler.cpp:72:32: note: suggested alternatives:
In file included from /usr/include/c++/11/iosfwd:39,
                 from /usr/include/c++/11/bits/shared_ptr.h:52,
                 from /usr/include/c++/11/memory:77,
                 from /usr/local/include/bsoncxx/v_noabi/bsoncxx/array/value.hpp:18,
                 from /usr/local/include/bsoncxx/v_noabi/bsoncxx/builder/basic/array.hpp:17,
                 from src/../include/DatabaseHandler.h:3,
                 from src/DatabaseHandler.cpp:1:
/usr/include/c++/11/bits/stringfwd.h:79:33: note:   ‘std::string’
   79 |   typedef basic_string<char>    string;
      |                                 ^~~~~~
In file included from /usr/local/include/mongocxx/v_noabi/mongocxx/database.hpp:21,
                 from /usr/local/include/mongocxx/v_noabi/mongocxx/client.hpp:20,
                 from src/../include/DatabaseHandler.h:8,
                 from src/DatabaseHandler.cpp:1:
/usr/local/include/bsoncxx/v_noabi/bsoncxx/string/view_or_value.hpp:26:11: note:   ‘bsoncxx::v_noabi::string’
   26 | namespace string {
      |           ^~~~~~
In file included from /usr/include/c++/11/bits/locale_classes.h:40,
                 from /usr/include/c++/11/bits/ios_base.h:41,
                 from /usr/include/c++/11/streambuf:41,
                 from /usr/include/c++/11/bits/streambuf_iterator.h:35,
                 from /usr/include/c++/11/iterator:66,
                 from /usr/local/include/bsoncxx/v_noabi/bsoncxx/array/view.hpp:19,
                 from /usr/local/include/bsoncxx/v_noabi/bsoncxx/array/value.hpp:20,
                 from /usr/local/include/bsoncxx/v_noabi/bsoncxx/builder/basic/array.hpp:17,
                 from src/../include/DatabaseHandler.h:3,
                 from src/DatabaseHandler.cpp:1:
/usr/include/c++/11/string:67:11: note:   ‘std::pmr::string’
   67 |     using string    = basic_string<char>;
      |           ^~~~~~
src/DatabaseHandler.cpp:95:6: error: variable or field ‘setupCollectionEndpoint’ declared void
   95 | void DatabaseHandler::setupCollectionEndpoint(string uri_str, string dbName){
      |      ^~~~~~~~~~~~~~~
src/DatabaseHandler.cpp:95:47: error: ‘string’ was not declared in this scope
   95 | void DatabaseHandler::setupCollectionEndpoint(string uri_str, string dbName){
      |                                               ^~~~~~
src/DatabaseHandler.cpp:95:47: note: suggested alternatives:
In file included from /usr/include/c++/11/iosfwd:39,
                 from /usr/include/c++/11/bits/shared_ptr.h:52,
                 from /usr/include/c++/11/memory:77,
                 from /usr/local/include/bsoncxx/v_noabi/bsoncxx/array/value.hpp:18,
                 from /usr/local/include/bsoncxx/v_noabi/bsoncxx/builder/basic/array.hpp:17,
                 from src/../include/DatabaseHandler.h:3,
                 from src/DatabaseHandler.cpp:1:
/usr/include/c++/11/bits/stringfwd.h:79:33: note:   ‘std::string’
   79 |   typedef basic_string<char>    string;
      |                                 ^~~~~~
In file included from /usr/local/include/mongocxx/v_noabi/mongocxx/database.hpp:21,
                 from /usr/local/include/mongocxx/v_noabi/mongocxx/client.hpp:20,
                 from src/../include/DatabaseHandler.h:8,
                 from src/DatabaseHandler.cpp:1:
/usr/local/include/bsoncxx/v_noabi/bsoncxx/string/view_or_value.hpp:26:11: note:   ‘bsoncxx::v_noabi::string’
   26 | namespace string {
      |           ^~~~~~
In file included from /usr/include/c++/11/bits/locale_classes.h:40,
                 from /usr/include/c++/11/bits/ios_base.h:41,
                 from /usr/include/c++/11/streambuf:41,
                 from /usr/include/c++/11/bits/streambuf_iterator.h:35,
                 from /usr/include/c++/11/iterator:66,
                 from /usr/local/include/bsoncxx/v_noabi/bsoncxx/array/view.hpp:19,
                 from /usr/local/include/bsoncxx/v_noabi/bsoncxx/array/value.hpp:20,
                 from /usr/local/include/bsoncxx/v_noabi/bsoncxx/builder/basic/array.hpp:17,
                 from src/../include/DatabaseHandler.h:3,
                 from src/DatabaseHandler.cpp:1:
/usr/include/c++/11/string:67:11: note:   ‘std::pmr::string’
   67 |     using string    = basic_string<char>;
      |           ^~~~~~
src/DatabaseHandler.cpp:95:63: error: ‘string’ was not declared in this scope
   95 | void DatabaseHandler::setupCollectionEndpoint(string uri_str, string dbName){
      |                                                               ^~~~~~
src/DatabaseHandler.cpp:95:63: note: suggested alternatives:
In file included from /usr/include/c++/11/iosfwd:39,
                 from /usr/include/c++/11/bits/shared_ptr.h:52,
                 from /usr/include/c++/11/memory:77,
                 from /usr/local/include/bsoncxx/v_noabi/bsoncxx/array/value.hpp:18,
                 from /usr/local/include/bsoncxx/v_noabi/bsoncxx/builder/basic/array.hpp:17,
                 from src/../include/DatabaseHandler.h:3,
                 from src/DatabaseHandler.cpp:1:
/usr/include/c++/11/bits/stringfwd.h:79:33: note:   ‘std::string’
   79 |   typedef basic_string<char>    string;
      |                                 ^~~~~~
In file included from /usr/local/include/mongocxx/v_noabi/mongocxx/database.hpp:21,
                 from /usr/local/include/mongocxx/v_noabi/mongocxx/client.hpp:20,
                 from src/../include/DatabaseHandler.h:8,
                 from src/DatabaseHandler.cpp:1:
/usr/local/include/bsoncxx/v_noabi/bsoncxx/string/view_or_value.hpp:26:11: note:   ‘bsoncxx::v_noabi::string’
   26 | namespace string {
      |           ^~~~~~
In file included from /usr/include/c++/11/bits/locale_classes.h:40,
                 from /usr/include/c++/11/bits/ios_base.h:41,
                 from /usr/include/c++/11/streambuf:41,
                 from /usr/include/c++/11/bits/streambuf_iterator.h:35,
                 from /usr/include/c++/11/iterator:66,
                 from /usr/local/include/bsoncxx/v_noabi/bsoncxx/array/view.hpp:19,
                 from /usr/local/include/bsoncxx/v_noabi/bsoncxx/array/value.hpp:20,
                 from /usr/local/include/bsoncxx/v_noabi/bsoncxx/builder/basic/array.hpp:17,
                 from src/../include/DatabaseHandler.h:3,
                 from src/DatabaseHandler.cpp:1:
/usr/include/c++/11/string:67:11: note:   ‘std::pmr::string’
   67 |     using string    = basic_string<char>;
      |           ^~~~~~
make: *** [Makefile:29: bin/main] Error 1
